[2016-06-30 10:13:29] local.ERROR: App\Services\Twitter\Exceptions\RateLimitExceededException in /home/vagrant/www/sentibot/app/Services/Twitter/CodeBirdTwitterService.php:22
Stack trace:
#0 /home/vagrant/www/sentibot/app/Http/routes.php(6): App\Services\Twitter\CodeBirdTwitterService->getMentions()
#1 [internal function]: App\Providers\RouteServiceProvider->{closure}(Object(App\Services\Twitter\CodeBirdTwitterService))
#2 /home/vagrant/www/sentibot/vendor/laravel/framework/src/Illuminate/Routing/Route.php(158): call_user_func_array(Object(Closure), Array)
#3 /home/vagrant/www/sentibot/vendor/laravel/framework/src/Illuminate/Routing/Route.php(137): Illuminate\Routing\Route->runCallable(Object(Illuminate\Http\Request))
#4 /home/vagrant/www/sentibot/vendor/laravel/framework/src/Illuminate/Routing/Router.php(724): Illuminate\Routing\Route->run(Object(Illuminate\Http\Request))
#5 [internal function]: Illuminate\Routing\Router->Illuminate\Routing\{closure}(Object(Illuminate\Http\Request))
#6 /home/vagrant/www/sentibot/vendor/laravel/framework/src/Illuminate/Routing/Pipeline.php(52): call_user_func(Object(Closure), Object(Illuminate\Http\Request))
#7 /home/vagrant/www/sentibot/vendor/laravel/framework/src/Illuminate/Foundation/Http/Middleware/VerifyCsrfToken.php(64): Illuminate\Routing\Pipeline->Illuminate\Routing\{closure}(Object(Illuminate\Http\Request))
#8 [internal function]: Illuminate\Foundation\Http\Middleware\VerifyCsrfToken->handle(Object(Illuminate\Http\Request), Object(Closure))
#9 /home/vagrant/www/sentibot/vendor/laravel/framework/src/Illuminate/Pipeline/Pipeline.php(136): call_user_func_array(Array, Array)
#10 [internal function]: Illuminate\Pipeline\Pipeline->Illuminate\Pipeline\{closure}(Object(Illuminate\Http\Request))
#11 /home/vagrant/www/sentibot/vendor/laravel/framework/src/Illuminate/Routing/Pipeline.php(32): call_user_func(Object(Closure), Object(Illuminate\Http\Request))
#12 /home/vagrant/www/sentibot/vendor/laravel/framework/src/Illuminate/View/Middleware/ShareErrorsFromSession.php(49): Illuminate\Routing\Pipeline->Illuminate\Routing\{closure}(Object(Illuminate\Http\Request))
#13 [internal function]: Illuminate\View\Middleware\ShareErrorsFromSession->handle(Object(Illuminate\Http\Request), Object(Closure))
#14 /home/vagrant/www/sentibot/vendor/laravel/framework/src/Illuminate/Pipeline/Pipeline.php(136): call_user_func_array(Array, Array)
#15 [internal function]: Illuminate\Pipeline\Pipeline->Illuminate\Pipeline\{closure}(Object(Illuminate\Http\Request))
#16 /home/vagrant/www/sentibot/vendor/laravel/framework/src/Illuminate/Routing/Pipeline.php(32): call_user_func(Object(Closure), Object(Illuminate\Http\Request))
#17 /home/vagrant/www/sentibot/vendor/laravel/framework/src/Illuminate/Session/Middleware/StartSession.php(62): Illuminate\Routing\Pipeline->Illuminate\Routing\{closure}(Object(Illuminate\Http\Request))
#18 [internal function]: Illuminate\Session\Middleware\StartSession->handle(Object(Illuminate\Http\Request), Object(Closure))
#19 /home/vagrant/www/sentibot/vendor/laravel/framework/src/Illuminate/Pipeline/Pipeline.php(136): call_user_func_array(Array, Array)
#20 [internal function]: Illuminate\Pipeline\Pipeline->Illuminate\Pipeline\{closure}(Object(Illuminate\Http\Request))
#21 /home/vagrant/www/sentibot/vendor/laravel/framework/src/Illuminate/Routing/Pipeline.php(32): call_user_func(Object(Closure), Object(Illuminate\Http\Request))
#22 /home/vagrant/www/sentibot/vendor/laravel/framework/src/Illuminate/Cookie/Middleware/AddQueuedCookiesToResponse.php(37): Illuminate\Routing\Pipeline->Illuminate\Routing\{closure}(Object(Illuminate\Http\Request))
#23 [internal function]: Illuminate\Cookie\Middleware\AddQueuedCookiesToResponse->handle(Object(Illuminate\Http\Request), Object(Closure))
#24 /home/vagrant/www/sentibot/vendor/laravel/framework/src/Illuminate/Pipeline/Pipeline.php(136): call_user_func_array(Array, Array)
#25 [internal function]: Illuminate\Pipeline\Pipeline->Illuminate\Pipeline\{closure}(Object(Illuminate\Http\Request))
#26 /home/vagrant/www/sentibot/vendor/laravel/framework/src/Illuminate/Routing/Pipeline.php(32): call_user_func(Object(Closure), Object(Illuminate\Http\Request))
#27 /home/vagrant/www/sentibot/vendor/laravel/framework/src/Illuminate/Cookie/Middleware/EncryptCookies.php(59): Illuminate\Routing\Pipeline->Illuminate\Routing\{closure}(Object(Illuminate\Http\Request))
#28 [internal function]: Illuminate\Cookie\Middleware\EncryptCookies->handle(Object(Illuminate\Http\Request), Object(Closure))
#29 /home/vagrant/www/sentibot/vendor/laravel/framework/src/Illuminate/Pipeline/Pipeline.php(136): call_user_func_array(Array, Array)
#30 [internal function]: Illuminate\Pipeline\Pipeline->Illuminate\Pipeline\{closure}(Object(Illuminate\Http\Request))
#31 /home/vagrant/www/sentibot/vendor/laravel/framework/src/Illuminate/Routing/Pipeline.php(32): call_user_func(Object(Closure), Object(Illuminate\Http\Request))
#32 [internal function]: Illuminate\Routing\Pipeline->Illuminate\Routing\{closure}(Object(Illuminate\Http\Request))
#33 /home/vagrant/www/sentibot/vendor/laravel/framework/src/Illuminate/Pipeline/Pipeline.php(102): call_user_func(Object(Closure), Object(Illuminate\Http\Request))
#34 /home/vagrant/www/sentibot/vendor/laravel/framework/src/Illuminate/Routing/Router.php(726): Illuminate\Pipeline\Pipeline->then(Object(Closure))
#35 /home/vagrant/www/sentibot/vendor/laravel/framework/src/Illuminate/Routing/Router.php(699): Illuminate\Routing\Router->runRouteWithinStack(Object(Illuminate\Routing\Route), Object(Illuminate\Http\Request))
#36 /home/vagrant/www/sentibot/vendor/laravel/framework/src/Illuminate/Routing/Router.php(675): Illuminate\Routing\Router->dispatchToRoute(Object(Illuminate\Http\Request))
#37 /home/vagrant/www/sentibot/vendor/laravel/framework/src/Illuminate/Foundation/Http/Kernel.php(246): Illuminate\Routing\Router->dispatch(Object(Illuminate\Http\Request))
#38 [internal function]: Illuminate\Foundation\Http\Kernel->Illuminate\Foundation\Http\{closure}(Object(Illuminate\Http\Request))
#39 /home/vagrant/www/sentibot/vendor/laravel/framework/src/Illuminate/Routing/Pipeline.php(52): call_user_func(Object(Closure), Object(Illuminate\Http\Request))
#40 /home/vagrant/www/sentibot/vendor/laravel/framework/src/Illuminate/Foundation/Http/Middleware/CheckForMaintenanceMode.php(44): Illuminate\Routing\Pipeline->Illuminate\Routing\{closure}(Object(Illuminate\Http\Request))
#41 [internal function]: Illuminate\Foundation\Http\Middleware\CheckForMaintenanceMode->handle(Object(Illuminate\Http\Request), Object(Closure))
#42 /home/vagrant/www/sentibot/vendor/laravel/framework/src/Illuminate/Pipeline/Pipeline.php(136): call_user_func_array(Array, Array)
#43 [internal function]: Illuminate\Pipeline\Pipeline->Illuminate\Pipeline\{closure}(Object(Illuminate\Http\Request))
#44 /home/vagrant/www/sentibot/vendor/laravel/framework/src/Illuminate/Routing/Pipeline.php(32): call_user_func(Object(Closure), Object(Illuminate\Http\Request))
#45 [internal function]: Illuminate\Routing\Pipeline->Illuminate\Routing\{closure}(Object(Illuminate\Http\Request))
#46 /home/vagrant/www/sentibot/vendor/laravel/framework/src/Illuminate/Pipeline/Pipeline.php(102): call_user_func(Object(Closure), Object(Illuminate\Http\Request))
#47 /home/vagrant/www/sentibot/vendor/laravel/framework/src/Illuminate/Foundation/Http/Kernel.php(132): Illuminate\Pipeline\Pipeline->then(Object(Closure))
#48 /home/vagrant/www/sentibot/vendor/laravel/framework/src/Illuminate/Foundation/Http/Kernel.php(99): Illuminate\Foundation\Http\Kernel->sendRequestThroughRouter(Object(Illuminate\Http\Request))
#49 /home/vagrant/www/sentibot/public/index.php(53): Illuminate\Foundation\Http\Kernel->handle(Object(Illuminate\Http\Request))
#50 {main}  
[2016-06-30 10:15:10] local.ERROR: ErrorException: Undefined variable: tweets in /home/vagrant/www/sentibot/app/Services/Twitter/CodeBirdTwitterService.php:38
Stack trace:
#0 /home/vagrant/www/sentibot/app/Services/Twitter/CodeBirdTwitterService.php(38): Illuminate\Foundation\Bootstrap\HandleExceptions->handleError(8, 'Undefined varia...', '/home/vagrant/w...', 38, Array)
#1 /home/vagrant/www/sentibot/app/Services/Twitter/CodeBirdTwitterService.php(25): App\Services\Twitter\CodeBirdTwitterService->extractTweets(Object(stdClass))
#2 /home/vagrant/www/sentibot/app/Http/routes.php(6): App\Services\Twitter\CodeBirdTwitterService->getMentions()
#3 [internal function]: App\Providers\RouteServiceProvider->{closure}(Object(App\Services\Twitter\CodeBirdTwitterService))
#4 /home/vagrant/www/sentibot/vendor/laravel/framework/src/Illuminate/Routing/Route.php(158): call_user_func_array(Object(Closure), Array)
#5 /home/vagrant/www/sentibot/vendor/laravel/framework/src/Illuminate/Routing/Route.php(137): Illuminate\Routing\Route->runCallable(Object(Illuminate\Http\Request))
#6 /home/vagrant/www/sentibot/vendor/laravel/framework/src/Illuminate/Routing/Router.php(724): Illuminate\Routing\Route->run(Object(Illuminate\Http\Request))
#7 [internal function]: Illuminate\Routing\Router->Illuminate\Routing\{closure}(Object(Illuminate\Http\Request))
#8 /home/vagrant/www/sentibot/vendor/laravel/framework/src/Illuminate/Routing/Pipeline.php(52): call_user_func(Object(Closure), Object(Illuminate\Http\Request))
#9 /home/vagrant/www/sentibot/vendor/laravel/framework/src/Illuminate/Foundation/Http/Middleware/VerifyCsrfToken.php(64): Illuminate\Routing\Pipeline->Illuminate\Routing\{closure}(Object(Illuminate\Http\Request))
#10 [internal function]: Illuminate\Foundation\Http\Middleware\VerifyCsrfToken->handle(Object(Illuminate\Http\Request), Object(Closure))
#11 /home/vagrant/www/sentibot/vendor/laravel/framework/src/Illuminate/Pipeline/Pipeline.php(136): call_user_func_array(Array, Array)
#12 [internal function]: Illuminate\Pipeline\Pipeline->Illuminate\Pipeline\{closure}(Object(Illuminate\Http\Request))
#13 /home/vagrant/www/sentibot/vendor/laravel/framework/src/Illuminate/Routing/Pipeline.php(32): call_user_func(Object(Closure), Object(Illuminate\Http\Request))
#14 /home/vagrant/www/sentibot/vendor/laravel/framework/src/Illuminate/View/Middleware/ShareErrorsFromSession.php(49): Illuminate\Routing\Pipeline->Illuminate\Routing\{closure}(Object(Illuminate\Http\Request))
#15 [internal function]: Illuminate\View\Middleware\ShareErrorsFromSession->handle(Object(Illuminate\Http\Request), Object(Closure))
#16 /home/vagrant/www/sentibot/vendor/laravel/framework/src/Illuminate/Pipeline/Pipeline.php(136): call_user_func_array(Array, Array)
#17 [internal function]: Illuminate\Pipeline\Pipeline->Illuminate\Pipeline\{closure}(Object(Illuminate\Http\Request))
#18 /home/vagrant/www/sentibot/vendor/laravel/framework/src/Illuminate/Routing/Pipeline.php(32): call_user_func(Object(Closure), Object(Illuminate\Http\Request))
#19 /home/vagrant/www/sentibot/vendor/laravel/framework/src/Illuminate/Session/Middleware/StartSession.php(62): Illuminate\Routing\Pipeline->Illuminate\Routing\{closure}(Object(Illuminate\Http\Request))
#20 [internal function]: Illuminate\Session\Middleware\StartSession->handle(Object(Illuminate\Http\Request), Object(Closure))
#21 /home/vagrant/www/sentibot/vendor/laravel/framework/src/Illuminate/Pipeline/Pipeline.php(136): call_user_func_array(Array, Array)
#22 [internal function]: Illuminate\Pipeline\Pipeline->Illuminate\Pipeline\{closure}(Object(Illuminate\Http\Request))
#23 /home/vagrant/www/sentibot/vendor/laravel/framework/src/Illuminate/Routing/Pipeline.php(32): call_user_func(Object(Closure), Object(Illuminate\Http\Request))
#24 /home/vagrant/www/sentibot/vendor/laravel/framework/src/Illuminate/Cookie/Middleware/AddQueuedCookiesToResponse.php(37): Illuminate\Routing\Pipeline->Illuminate\Routing\{closure}(Object(Illuminate\Http\Request))
#25 [internal function]: Illuminate\Cookie\Middleware\AddQueuedCookiesToResponse->handle(Object(Illuminate\Http\Request), Object(Closure))
#26 /home/vagrant/www/sentibot/vendor/laravel/framework/src/Illuminate/Pipeline/Pipeline.php(136): call_user_func_array(Array, Array)
#27 [internal function]: Illuminate\Pipeline\Pipeline->Illuminate\Pipeline\{closure}(Object(Illuminate\Http\Request))
#28 /home/vagrant/www/sentibot/vendor/laravel/framework/src/Illuminate/Routing/Pipeline.php(32): call_user_func(Object(Closure), Object(Illuminate\Http\Request))
#29 /home/vagrant/www/sentibot/vendor/laravel/framework/src/Illuminate/Cookie/Middleware/EncryptCookies.php(59): Illuminate\Routing\Pipeline->Illuminate\Routing\{closure}(Object(Illuminate\Http\Request))
#30 [internal function]: Illuminate\Cookie\Middleware\EncryptCookies->handle(Object(Illuminate\Http\Request), Object(Closure))
#31 /home/vagrant/www/sentibot/vendor/laravel/framework/src/Illuminate/Pipeline/Pipeline.php(136): call_user_func_array(Array, Array)
#32 [internal function]: Illuminate\Pipeline\Pipeline->Illuminate\Pipeline\{closure}(Object(Illuminate\Http\Request))
#33 /home/vagrant/www/sentibot/vendor/laravel/framework/src/Illuminate/Routing/Pipeline.php(32): call_user_func(Object(Closure), Object(Illuminate\Http\Request))
#34 [internal function]: Illuminate\Routing\Pipeline->Illuminate\Routing\{closure}(Object(Illuminate\Http\Request))
#35 /home/vagrant/www/sentibot/vendor/laravel/framework/src/Illuminate/Pipeline/Pipeline.php(102): call_user_func(Object(Closure), Object(Illuminate\Http\Request))
#36 /home/vagrant/www/sentibot/vendor/laravel/framework/src/Illuminate/Routing/Router.php(726): Illuminate\Pipeline\Pipeline->then(Object(Closure))
#37 /home/vagrant/www/sentibot/vendor/laravel/framework/src/Illuminate/Routing/Router.php(699): Illuminate\Routing\Router->runRouteWithinStack(Object(Illuminate\Routing\Route), Object(Illuminate\Http\Request))
#38 /home/vagrant/www/sentibot/vendor/laravel/framework/src/Illuminate/Routing/Router.php(675): Illuminate\Routing\Router->dispatchToRoute(Object(Illuminate\Http\Request))
#39 /home/vagrant/www/sentibot/vendor/laravel/framework/src/Illuminate/Foundation/Http/Kernel.php(246): Illuminate\Routing\Router->dispatch(Object(Illuminate\Http\Request))
#40 [internal function]: Illuminate\Foundation\Http\Kernel->Illuminate\Foundation\Http\{closure}(Object(Illuminate\Http\Request))
#41 /home/vagrant/www/sentibot/vendor/laravel/framework/src/Illuminate/Routing/Pipeline.php(52): call_user_func(Object(Closure), Object(Illuminate\Http\Request))
#42 /home/vagrant/www/sentibot/vendor/laravel/framework/src/Illuminate/Foundation/Http/Middleware/CheckForMaintenanceMode.php(44): Illuminate\Routing\Pipeline->Illuminate\Routing\{closure}(Object(Illuminate\Http\Request))
#43 [internal function]: Illuminate\Foundation\Http\Middleware\CheckForMaintenanceMode->handle(Object(Illuminate\Http\Request), Object(Closure))
#44 /home/vagrant/www/sentibot/vendor/laravel/framework/src/Illuminate/Pipeline/Pipeline.php(136): call_user_func_array(Array, Array)
#45 [internal function]: Illuminate\Pipeline\Pipeline->Illuminate\Pipeline\{closure}(Object(Illuminate\Http\Request))
#46 /home/vagrant/www/sentibot/vendor/laravel/framework/src/Illuminate/Routing/Pipeline.php(32): call_user_func(Object(Closure), Object(Illuminate\Http\Request))
#47 [internal function]: Illuminate\Routing\Pipeline->Illuminate\Routing\{closure}(Object(Illuminate\Http\Request))
#48 /home/vagrant/www/sentibot/vendor/laravel/framework/src/Illuminate/Pipeline/Pipeline.php(102): call_user_func(Object(Closure), Object(Illuminate\Http\Request))
#49 /home/vagrant/www/sentibot/vendor/laravel/framework/src/Illuminate/Foundation/Http/Kernel.php(132): Illuminate\Pipeline\Pipeline->then(Object(Closure))
#50 /home/vagrant/www/sentibot/vendor/laravel/framework/src/Illuminate/Foundation/Http/Kernel.php(99): Illuminate\Foundation\Http\Kernel->sendRequestThroughRouter(Object(Illuminate\Http\Request))
#51 /home/vagrant/www/sentibot/public/index.php(53): Illuminate\Foundation\Http\Kernel->handle(Object(Illuminate\Http\Request))
#52 {main}  
[2016-06-30 11:34:33] local.ERROR: ErrorException: Undefined variable: emojis in /home/vagrant/www/sentibot/app/Console/Commands/ReplyToTweets.php:70
Stack trace:
#0 /home/vagrant/www/sentibot/app/Console/Commands/ReplyToTweets.php(70): Illuminate\Foundation\Bootstrap\HandleExceptions->handleError(8, 'Undefined varia...', '/home/vagrant/w...', 70, Array)
#1 /home/vagrant/www/sentibot/vendor/laravel/framework/src/Illuminate/Support/Collection.php(146): App\Console\Commands\ReplyToTweets->App\Console\Commands\{closure}(Object(stdClass), 0)
#2 /home/vagrant/www/sentibot/app/Console/Commands/ReplyToTweets.php(77): Illuminate\Support\Collection->each(Object(Closure))
#3 [internal function]: App\Console\Commands\ReplyToTweets->handle(Object(App\Tracking), Object(App\Common\EmojiHelper))
#4 /home/vagrant/www/sentibot/vendor/laravel/framework/src/Illuminate/Container/Container.php(507): call_user_func_array(Array, Array)
#5 /home/vagrant/www/sentibot/vendor/laravel/framework/src/Illuminate/Console/Command.php(169): Illuminate\Container\Container->call(Array)
#6 /home/vagrant/www/sentibot/vendor/symfony/console/Command/Command.php(256): Illuminate\Console\Command->execute(Object(Symfony\Component\Console\Input\ArgvInput), Object(Symfony\Component\Console\Output\ConsoleOutput))
#7 /home/vagrant/www/sentibot/vendor/laravel/framework/src/Illuminate/Console/Command.php(155): Symfony\Component\Console\Command\Command->run(Object(Symfony\Component\Console\Input\ArgvInput), Object(Symfony\Component\Console\Output\ConsoleOutput))
#8 /home/vagrant/www/sentibot/vendor/symfony/console/Application.php(791): Illuminate\Console\Command->run(Object(Symfony\Component\Console\Input\ArgvInput), Object(Symfony\Component\Console\Output\ConsoleOutput))
#9 /home/vagrant/www/sentibot/vendor/symfony/console/Application.php(186): Symfony\Component\Console\Application->doRunCommand(Object(App\Console\Commands\ReplyToTweets), Object(Symfony\Component\Console\Input\ArgvInput), Object(Symfony\Component\Console\Output\ConsoleOutput))
#10 /home/vagrant/www/sentibot/vendor/symfony/console/Application.php(117): Symfony\Component\Console\Application->doRun(Object(Symfony\Component\Console\Input\ArgvInput), Object(Symfony\Component\Console\Output\ConsoleOutput))
#11 /home/vagrant/www/sentibot/vendor/laravel/framework/src/Illuminate/Foundation/Console/Kernel.php(107): Symfony\Component\Console\Application->run(Object(Symfony\Component\Console\Input\ArgvInput), Object(Symfony\Component\Console\Output\ConsoleOutput))
#12 /home/vagrant/www/sentibot/artisan(35): Illuminate\Foundation\Console\Kernel->handle(Object(Symfony\Component\Console\Input\ArgvInput), Object(Symfony\Component\Console\Output\ConsoleOutput))
#13 {main}  
[2016-06-30 11:55:08] local.ERROR: Symfony\Component\Console\Exception\RuntimeException: The "--eventTweetSent" option does not exist. in /home/vagrant/www/sentibot/vendor/symfony/console/Input/ArgvInput.php:211
Stack trace:
#0 /home/vagrant/www/sentibot/vendor/symfony/console/Input/ArgvInput.php(152): Symfony\Component\Console\Input\ArgvInput->addLongOption('eventTweetSent', NULL)
#1 /home/vagrant/www/sentibot/vendor/symfony/console/Input/ArgvInput.php(84): Symfony\Component\Console\Input\ArgvInput->parseLongOption('--eventTweetSen...')
#2 /home/vagrant/www/sentibot/vendor/symfony/console/Input/Input.php(64): Symfony\Component\Console\Input\ArgvInput->parse()
#3 /home/vagrant/www/sentibot/vendor/symfony/console/Command/Command.php(221): Symfony\Component\Console\Input\Input->bind(Object(Symfony\Component\Console\Input\InputDefinition))
#4 /home/vagrant/www/sentibot/vendor/laravel/framework/src/Illuminate/Console/Command.php(155): Symfony\Component\Console\Command\Command->run(Object(Symfony\Component\Console\Input\ArgvInput), Object(Symfony\Component\Console\Output\ConsoleOutput))
#5 /home/vagrant/www/sentibot/vendor/symfony/console/Application.php(791): Illuminate\Console\Command->run(Object(Symfony\Component\Console\Input\ArgvInput), Object(Symfony\Component\Console\Output\ConsoleOutput))
#6 /home/vagrant/www/sentibot/vendor/symfony/console/Application.php(186): Symfony\Component\Console\Application->doRunCommand(Object(Illuminate\Foundation\Console\ListenerMakeCommand), Object(Symfony\Component\Console\Input\ArgvInput), Object(Symfony\Component\Console\Output\ConsoleOutput))
#7 /home/vagrant/www/sentibot/vendor/symfony/console/Application.php(117): Symfony\Component\Console\Application->doRun(Object(Symfony\Component\Console\Input\ArgvInput), Object(Symfony\Component\Console\Output\ConsoleOutput))
#8 /home/vagrant/www/sentibot/vendor/laravel/framework/src/Illuminate/Foundation/Console/Kernel.php(107): Symfony\Component\Console\Application->run(Object(Symfony\Component\Console\Input\ArgvInput), Object(Symfony\Component\Console\Output\ConsoleOutput))
#9 /home/vagrant/www/sentibot/artisan(35): Illuminate\Foundation\Console\Kernel->handle(Object(Symfony\Component\Console\Input\ArgvInput), Object(Symfony\Component\Console\Output\ConsoleOutput))
#10 {main}  
[2016-06-30 11:58:52] local.ERROR: ReflectionException: Class App\Listeners\TrackTweet does not exist in /home/vagrant/www/sentibot/vendor/laravel/framework/src/Illuminate/Container/Container.php:734
Stack trace:
#0 /home/vagrant/www/sentibot/vendor/laravel/framework/src/Illuminate/Container/Container.php(734): ReflectionClass->__construct('App\\Listeners\\T...')
#1 /home/vagrant/www/sentibot/vendor/laravel/framework/src/Illuminate/Container/Container.php(629): Illuminate\Container\Container->build('App\\Listeners\\T...', Array)
#2 /home/vagrant/www/sentibot/vendor/laravel/framework/src/Illuminate/Foundation/Application.php(697): Illuminate\Container\Container->make('App\\Listeners\\T...', Array)
#3 /home/vagrant/www/sentibot/vendor/laravel/framework/src/Illuminate/Events/Dispatcher.php(366): Illuminate\Foundation\Application->make('App\\Listeners\\T...')
#4 /home/vagrant/www/sentibot/vendor/laravel/framework/src/Illuminate/Events/Dispatcher.php(347): Illuminate\Events\Dispatcher->createClassCallable('App\\Listeners\\T...', Object(Illuminate\Foundation\Application))
#5 [internal function]: Illuminate\Events\Dispatcher->Illuminate\Events\{closure}(Object(App\Events\TweetSent))
#6 /home/vagrant/www/sentibot/vendor/laravel/framework/src/Illuminate/Events/Dispatcher.php(221): call_user_func_array(Object(Closure), Array)
#7 /home/vagrant/www/sentibot/vendor/laravel/framework/src/Illuminate/Foundation/helpers.php(419): Illuminate\Events\Dispatcher->fire('App\\Events\\Twee...', Array, false)
#8 /home/vagrant/www/sentibot/app/Jobs/SendTweet.php(43): event(Object(App\Events\TweetSent))
#9 [internal function]: App\Jobs\SendTweet->handle(Object(App\Services\Twitter\CodeBirdTwitterService))
#10 /home/vagrant/www/sentibot/vendor/laravel/framework/src/Illuminate/Container/Container.php(507): call_user_func_array(Array, Array)
#11 /home/vagrant/www/sentibot/vendor/laravel/framework/src/Illuminate/Bus/Dispatcher.php(82): Illuminate\Container\Container->call(Array)
#12 [internal function]: Illuminate\Bus\Dispatcher->Illuminate\Bus\{closure}(Object(App\Jobs\SendTweet))
#13 /home/vagrant/www/sentibot/vendor/laravel/framework/src/Illuminate/Pipeline/Pipeline.php(150): call_user_func(Object(Closure), Object(App\Jobs\SendTweet))
#14 [internal function]: Illuminate\Pipeline\Pipeline->Illuminate\Pipeline\{closure}(Object(App\Jobs\SendTweet))
#15 /home/vagrant/www/sentibot/vendor/laravel/framework/src/Illuminate/Pipeline/Pipeline.php(102): call_user_func(Object(Closure), Object(App\Jobs\SendTweet))
#16 /home/vagrant/www/sentibot/vendor/laravel/framework/src/Illuminate/Bus/Dispatcher.php(83): Illuminate\Pipeline\Pipeline->then(Object(Closure))
#17 /home/vagrant/www/sentibot/vendor/laravel/framework/src/Illuminate/Queue/CallQueuedHandler.php(41): Illuminate\Bus\Dispatcher->dispatchNow(Object(App\Jobs\SendTweet))
#18 /home/vagrant/www/sentibot/vendor/laravel/framework/src/Illuminate/Queue/Jobs/Job.php(130): Illuminate\Queue\CallQueuedHandler->call(Object(Illuminate\Queue\Jobs\SyncJob), Array)
#19 /home/vagrant/www/sentibot/vendor/laravel/framework/src/Illuminate/Queue/Jobs/SyncJob.php(44): Illuminate\Queue\Jobs\Job->resolveAndFire(Array)
#20 /home/vagrant/www/sentibot/vendor/laravel/framework/src/Illuminate/Queue/SyncQueue.php(30): Illuminate\Queue\Jobs\SyncJob->fire()
#21 /home/vagrant/www/sentibot/vendor/laravel/framework/src/Illuminate/Bus/Dispatcher.php(143): Illuminate\Queue\SyncQueue->push(Object(App\Jobs\SendTweet))
#22 /home/vagrant/www/sentibot/vendor/laravel/framework/src/Illuminate/Bus/Dispatcher.php(118): Illuminate\Bus\Dispatcher->pushCommandToQueue(Object(Illuminate\Queue\SyncQueue), Object(App\Jobs\SendTweet))
#23 /home/vagrant/www/sentibot/vendor/laravel/framework/src/Illuminate/Bus/Dispatcher.php(67): Illuminate\Bus\Dispatcher->dispatchToQueue(Object(App\Jobs\SendTweet))
#24 /home/vagrant/www/sentibot/vendor/laravel/framework/src/Illuminate/Foundation/helpers.php(323): Illuminate\Bus\Dispatcher->dispatch(Object(App\Jobs\SendTweet))
#25 /home/vagrant/www/sentibot/app/Console/Commands/ReplyToTweets.php(73): dispatch(Object(App\Jobs\SendTweet))
#26 /home/vagrant/www/sentibot/vendor/laravel/framework/src/Illuminate/Support/Collection.php(146): App\Console\Commands\ReplyToTweets->App\Console\Commands\{closure}(Object(stdClass), 0)
#27 /home/vagrant/www/sentibot/app/Console/Commands/ReplyToTweets.php(75): Illuminate\Support\Collection->each(Object(Closure))
#28 [internal function]: App\Console\Commands\ReplyToTweets->handle(Object(App\Tracking), Object(App\Common\EmojiHelper))
#29 /home/vagrant/www/sentibot/vendor/laravel/framework/src/Illuminate/Container/Container.php(507): call_user_func_array(Array, Array)
#30 /home/vagrant/www/sentibot/vendor/laravel/framework/src/Illuminate/Console/Command.php(169): Illuminate\Container\Container->call(Array)
#31 /home/vagrant/www/sentibot/vendor/symfony/console/Command/Command.php(256): Illuminate\Console\Command->execute(Object(Symfony\Component\Console\Input\ArgvInput), Object(Symfony\Component\Console\Output\ConsoleOutput))
#32 /home/vagrant/www/sentibot/vendor/laravel/framework/src/Illuminate/Console/Command.php(155): Symfony\Component\Console\Command\Command->run(Object(Symfony\Component\Console\Input\ArgvInput), Object(Symfony\Component\Console\Output\ConsoleOutput))
#33 /home/vagrant/www/sentibot/vendor/symfony/console/Application.php(791): Illuminate\Console\Command->run(Object(Symfony\Component\Console\Input\ArgvInput), Object(Symfony\Component\Console\Output\ConsoleOutput))
#34 /home/vagrant/www/sentibot/vendor/symfony/console/Application.php(186): Symfony\Component\Console\Application->doRunCommand(Object(App\Console\Commands\ReplyToTweets), Object(Symfony\Component\Console\Input\ArgvInput), Object(Symfony\Component\Console\Output\ConsoleOutput))
#35 /home/vagrant/www/sentibot/vendor/symfony/console/Application.php(117): Symfony\Component\Console\Application->doRun(Object(Symfony\Component\Console\Input\ArgvInput), Object(Symfony\Component\Console\Output\ConsoleOutput))
#36 /home/vagrant/www/sentibot/vendor/laravel/framework/src/Illuminate/Foundation/Console/Kernel.php(107): Symfony\Component\Console\Application->run(Object(Symfony\Component\Console\Input\ArgvInput), Object(Symfony\Component\Console\Output\ConsoleOutput))
#37 /home/vagrant/www/sentibot/artisan(35): Illuminate\Foundation\Console\Kernel->handle(Object(Symfony\Component\Console\Input\ArgvInput), Object(Symfony\Component\Console\Output\ConsoleOutput))
#38 {main}  
[2016-06-30 11:59:16] local.ERROR: ReflectionException: Class App\Listeners\TrackTweet does not exist in /home/vagrant/www/sentibot/vendor/laravel/framework/src/Illuminate/Container/Container.php:734
Stack trace:
#0 /home/vagrant/www/sentibot/vendor/laravel/framework/src/Illuminate/Container/Container.php(734): ReflectionClass->__construct('App\\Listeners\\T...')
#1 /home/vagrant/www/sentibot/vendor/laravel/framework/src/Illuminate/Container/Container.php(629): Illuminate\Container\Container->build('App\\Listeners\\T...', Array)
#2 /home/vagrant/www/sentibot/vendor/laravel/framework/src/Illuminate/Foundation/Application.php(697): Illuminate\Container\Container->make('App\\Listeners\\T...', Array)
#3 /home/vagrant/www/sentibot/vendor/laravel/framework/src/Illuminate/Events/Dispatcher.php(366): Illuminate\Foundation\Application->make('App\\Listeners\\T...')
#4 /home/vagrant/www/sentibot/vendor/laravel/framework/src/Illuminate/Events/Dispatcher.php(347): Illuminate\Events\Dispatcher->createClassCallable('App\\Listeners\\T...', Object(Illuminate\Foundation\Application))
#5 [internal function]: Illuminate\Events\Dispatcher->Illuminate\Events\{closure}(Object(App\Events\TweetSent))
#6 /home/vagrant/www/sentibot/vendor/laravel/framework/src/Illuminate/Events/Dispatcher.php(221): call_user_func_array(Object(Closure), Array)
#7 /home/vagrant/www/sentibot/vendor/laravel/framework/src/Illuminate/Foundation/helpers.php(419): Illuminate\Events\Dispatcher->fire('App\\Events\\Twee...', Array, false)
#8 /home/vagrant/www/sentibot/app/Jobs/SendTweet.php(43): event(Object(App\Events\TweetSent))
#9 [internal function]: App\Jobs\SendTweet->handle(Object(App\Services\Twitter\CodeBirdTwitterService))
#10 /home/vagrant/www/sentibot/vendor/laravel/framework/src/Illuminate/Container/Container.php(507): call_user_func_array(Array, Array)
#11 /home/vagrant/www/sentibot/vendor/laravel/framework/src/Illuminate/Bus/Dispatcher.php(82): Illuminate\Container\Container->call(Array)
#12 [internal function]: Illuminate\Bus\Dispatcher->Illuminate\Bus\{closure}(Object(App\Jobs\SendTweet))
#13 /home/vagrant/www/sentibot/vendor/laravel/framework/src/Illuminate/Pipeline/Pipeline.php(150): call_user_func(Object(Closure), Object(App\Jobs\SendTweet))
#14 [internal function]: Illuminate\Pipeline\Pipeline->Illuminate\Pipeline\{closure}(Object(App\Jobs\SendTweet))
#15 /home/vagrant/www/sentibot/vendor/laravel/framework/src/Illuminate/Pipeline/Pipeline.php(102): call_user_func(Object(Closure), Object(App\Jobs\SendTweet))
#16 /home/vagrant/www/sentibot/vendor/laravel/framework/src/Illuminate/Bus/Dispatcher.php(83): Illuminate\Pipeline\Pipeline->then(Object(Closure))
#17 /home/vagrant/www/sentibot/vendor/laravel/framework/src/Illuminate/Queue/CallQueuedHandler.php(41): Illuminate\Bus\Dispatcher->dispatchNow(Object(App\Jobs\SendTweet))
#18 /home/vagrant/www/sentibot/vendor/laravel/framework/src/Illuminate/Queue/Jobs/Job.php(130): Illuminate\Queue\CallQueuedHandler->call(Object(Illuminate\Queue\Jobs\SyncJob), Array)
#19 /home/vagrant/www/sentibot/vendor/laravel/framework/src/Illuminate/Queue/Jobs/SyncJob.php(44): Illuminate\Queue\Jobs\Job->resolveAndFire(Array)
#20 /home/vagrant/www/sentibot/vendor/laravel/framework/src/Illuminate/Queue/SyncQueue.php(30): Illuminate\Queue\Jobs\SyncJob->fire()
#21 /home/vagrant/www/sentibot/vendor/laravel/framework/src/Illuminate/Bus/Dispatcher.php(143): Illuminate\Queue\SyncQueue->push(Object(App\Jobs\SendTweet))
#22 /home/vagrant/www/sentibot/vendor/laravel/framework/src/Illuminate/Bus/Dispatcher.php(118): Illuminate\Bus\Dispatcher->pushCommandToQueue(Object(Illuminate\Queue\SyncQueue), Object(App\Jobs\SendTweet))
#23 /home/vagrant/www/sentibot/vendor/laravel/framework/src/Illuminate/Bus/Dispatcher.php(67): Illuminate\Bus\Dispatcher->dispatchToQueue(Object(App\Jobs\SendTweet))
#24 /home/vagrant/www/sentibot/vendor/laravel/framework/src/Illuminate/Foundation/helpers.php(323): Illuminate\Bus\Dispatcher->dispatch(Object(App\Jobs\SendTweet))
#25 /home/vagrant/www/sentibot/app/Console/Commands/ReplyToTweets.php(73): dispatch(Object(App\Jobs\SendTweet))
#26 /home/vagrant/www/sentibot/vendor/laravel/framework/src/Illuminate/Support/Collection.php(146): App\Console\Commands\ReplyToTweets->App\Console\Commands\{closure}(Object(stdClass), 0)
#27 /home/vagrant/www/sentibot/app/Console/Commands/ReplyToTweets.php(75): Illuminate\Support\Collection->each(Object(Closure))
#28 [internal function]: App\Console\Commands\ReplyToTweets->handle(Object(App\Tracking), Object(App\Common\EmojiHelper))
#29 /home/vagrant/www/sentibot/vendor/laravel/framework/src/Illuminate/Container/Container.php(507): call_user_func_array(Array, Array)
#30 /home/vagrant/www/sentibot/vendor/laravel/framework/src/Illuminate/Console/Command.php(169): Illuminate\Container\Container->call(Array)
#31 /home/vagrant/www/sentibot/vendor/symfony/console/Command/Command.php(256): Illuminate\Console\Command->execute(Object(Symfony\Component\Console\Input\ArgvInput), Object(Symfony\Component\Console\Output\ConsoleOutput))
#32 /home/vagrant/www/sentibot/vendor/laravel/framework/src/Illuminate/Console/Command.php(155): Symfony\Component\Console\Command\Command->run(Object(Symfony\Component\Console\Input\ArgvInput), Object(Symfony\Component\Console\Output\ConsoleOutput))
#33 /home/vagrant/www/sentibot/vendor/symfony/console/Application.php(791): Illuminate\Console\Command->run(Object(Symfony\Component\Console\Input\ArgvInput), Object(Symfony\Component\Console\Output\ConsoleOutput))
#34 /home/vagrant/www/sentibot/vendor/symfony/console/Application.php(186): Symfony\Component\Console\Application->doRunCommand(Object(App\Console\Commands\ReplyToTweets), Object(Symfony\Component\Console\Input\ArgvInput), Object(Symfony\Component\Console\Output\ConsoleOutput))
#35 /home/vagrant/www/sentibot/vendor/symfony/console/Application.php(117): Symfony\Component\Console\Application->doRun(Object(Symfony\Component\Console\Input\ArgvInput), Object(Symfony\Component\Console\Output\ConsoleOutput))
#36 /home/vagrant/www/sentibot/vendor/laravel/framework/src/Illuminate/Foundation/Console/Kernel.php(107): Symfony\Component\Console\Application->run(Object(Symfony\Component\Console\Input\ArgvInput), Object(Symfony\Component\Console\Output\ConsoleOutput))
#37 /home/vagrant/www/sentibot/artisan(35): Illuminate\Foundation\Console\Kernel->handle(Object(Symfony\Component\Console\Input\ArgvInput), Object(Symfony\Component\Console\Output\ConsoleOutput))
#38 {main}  
